<?xml version="1.0" encoding="UTF-8"?>
<!-- Generated by org.testng.reporters.JUnitXMLReporter -->
<testsuite ignored="0" hostname="DESKTOP-MLU4ERH" failures="0" tests="8" name="AddPets" time="7.278" errors="0" timestamp="2021-05-16T01:46:44 CEST">
  <testcase classname="ApiMethods.AddPet" name="AddPetDataStore" time="2.618"/>
  <testcase classname="ApiMethods.AddPet" name="AddPetDataStore" time="0.676"/>
  <testcase classname="ApiMethods.AddPet" name="AddPetDataStore" time="0.684"/>
  <testcase classname="ApiMethods.AddPet" name="AddPetDataStore" time="0.722"/>
  <testcase classname="ApiMethods.FindAPetById" name="FindPetByID" time="0.64"/>
  <testcase classname="ApiMethods.FindAPetById" name="FindPetByID" time="0.66"/>
  <testcase classname="ApiMethods.FindAPetById" name="FindPetByID" time="0.626"/>
  <testcase classname="ApiMethods.FindAPetById" name="FindPetByID" time="0.618"/>
</testsuite> <!-- AddPets -->
