<?xml version="1.0" encoding="UTF-8"?>
<!-- Generated by org.testng.reporters.JUnitXMLReporter -->
<testsuite ignored="0" hostname="DESKTOP-MLU4ERH" failures="0" tests="8" name="DeletePet" time="4.915" errors="0" timestamp="2021-05-16T01:47:02 CEST">
  <testcase classname="ApiMethods.FindAPetById" name="FindPetByID" time="0.56"/>
  <testcase classname="ApiMethods.FindAPetById" name="FindPetByID" time="0.58"/>
  <testcase classname="ApiMethods.FindAPetById" name="FindPetByID" time="0.601"/>
  <testcase classname="ApiMethods.FindAPetById" name="FindPetByID" time="0.621"/>
  <testcase classname="ApiMethods.DeleteaPet" name="DeletePet" time="0.605"/>
  <testcase classname="ApiMethods.DeleteaPet" name="DeletePet" time="0.729"/>
  <testcase classname="ApiMethods.DeleteaPet" name="DeletePet" time="0.609"/>
  <testcase classname="ApiMethods.DeleteaPet" name="DeletePet" time="0.61"/>
</testsuite> <!-- DeletePet -->
