<?xml version="1.0" encoding="UTF-8"?>
<!-- Generated by org.testng.reporters.JUnitXMLReporter -->
<testsuite ignored="0" hostname="DESKTOP-MLU4ERH" failures="0" tests="4" name="FindPetByStatus" time="2.734" errors="0" timestamp="2021-05-16T01:46:57 CEST">
  <testcase classname="ApiMethods.FindPetsByStatus" name="FindPetWithStatus" time="0.583"/>
  <testcase classname="ApiMethods.FindPetsByStatus" name="FindPetWithStatus" time="0.608"/>
  <testcase classname="ApiMethods.FindPetsByStatus" name="FindPetWithStatus" time="0.925"/>
  <testcase classname="ApiMethods.FindPetsByStatus" name="FindPetWithStatus" time="0.609"/>
</testsuite> <!-- FindPetByStatus -->
