<?xml version="1.0" encoding="UTF-8"?>
<!-- Generated by org.testng.reporters.JUnitXMLReporter -->
<testsuite ignored="0" hostname="DESKTOP-MLU4ERH" failures="0" tests="8" name="UPdatingPetdetailsinStore" time="5.02" errors="0" timestamp="2021-05-16T01:46:54 CEST">
  <testcase classname="ApiMethods.FindAPetById" name="FindPetByID" time="0.6"/>
  <testcase classname="ApiMethods.FindAPetById" name="FindPetByID" time="0.602"/>
  <testcase classname="ApiMethods.FindAPetById" name="FindPetByID" time="0.627"/>
  <testcase classname="ApiMethods.FindAPetById" name="FindPetByID" time="0.611"/>
  <testcase classname="ApiMethods.UpdatePetInStoreWithFormData" name="UpdatePetInStore" time="0.637"/>
  <testcase classname="ApiMethods.UpdatePetInStoreWithFormData" name="UpdatePetInStore" time="0.705"/>
  <testcase classname="ApiMethods.UpdatePetInStoreWithFormData" name="UpdatePetInStore" time="0.612"/>
  <testcase classname="ApiMethods.UpdatePetInStoreWithFormData" name="UpdatePetInStore" time="0.626"/>
</testsuite> <!-- UPdatingPetdetailsinStore -->
