<?xml version="1.0" encoding="UTF-8"?>
<!-- Generated by org.testng.reporters.JUnitXMLReporter -->
<testsuite ignored="0" hostname="DESKTOP-MLU4ERH" failures="0" tests="8" name="UpdateAnExistingPet" time="4.978" errors="0" timestamp="2021-05-16T01:46:49 CEST">
  <testcase classname="ApiMethods.FindAPetById" name="FindPetByID" time="0.665"/>
  <testcase classname="ApiMethods.FindAPetById" name="FindPetByID" time="0.617"/>
  <testcase classname="ApiMethods.FindAPetById" name="FindPetByID" time="0.613"/>
  <testcase classname="ApiMethods.FindAPetById" name="FindPetByID" time="0.617"/>
  <testcase classname="ApiMethods.UpdateAnExistingPet" name="UpdateExistingPet" time="0.619"/>
  <testcase classname="ApiMethods.UpdateAnExistingPet" name="UpdateExistingPet" time="0.623"/>
  <testcase classname="ApiMethods.UpdateAnExistingPet" name="UpdateExistingPet" time="0.585"/>
  <testcase classname="ApiMethods.UpdateAnExistingPet" name="UpdateExistingPet" time="0.639"/>
</testsuite> <!-- UpdateAnExistingPet -->
