<?xml version="1.0" encoding="UTF-8"?>
<testng-results ignored="0" total="36" passed="36" failed="0" skipped="0">
  <reporter-output>
  </reporter-output>
  <suite started-at="2021-05-16T01:46:37 CEST" name="SwaggerPetAllTests" finished-at="2021-05-16T01:47:02 CEST" duration-ms="24968">
    <groups>
    </groups>
    <test started-at="2021-05-16T01:46:37 CEST" name="AddPets" finished-at="2021-05-16T01:46:44 CEST" duration-ms="7278">
      <class name="ApiMethods.FindAPetById">
        <test-method signature="FindPetByID(int)[pri:0, instance:ApiMethods.FindAPetById@7ee955a8]" started-at="2021-05-16T01:46:42 CEST" name="FindPetByID" data-provider="data-provider" finished-at="2021-05-16T01:46:42 CEST" duration-ms="640" status="PASS">
          <params>
            <param index="0">
              <value>
                <![CDATA[100]]>
              </value>
            </param>
          </params>
          <reporter-output>
          </reporter-output>
        </test-method> <!-- FindPetByID -->
        <test-method signature="FindPetByID(int)[pri:0, instance:ApiMethods.FindAPetById@7ee955a8]" started-at="2021-05-16T01:46:42 CEST" name="FindPetByID" data-provider="data-provider" finished-at="2021-05-16T01:46:43 CEST" duration-ms="660" status="PASS">
          <params>
            <param index="0">
              <value>
                <![CDATA[101]]>
              </value>
            </param>
          </params>
          <reporter-output>
          </reporter-output>
        </test-method> <!-- FindPetByID -->
        <test-method signature="FindPetByID(int)[pri:0, instance:ApiMethods.FindAPetById@7ee955a8]" started-at="2021-05-16T01:46:43 CEST" name="FindPetByID" data-provider="data-provider" finished-at="2021-05-16T01:46:43 CEST" duration-ms="626" status="PASS">
          <params>
            <param index="0">
              <value>
                <![CDATA[102]]>
              </value>
            </param>
          </params>
          <reporter-output>
          </reporter-output>
        </test-method> <!-- FindPetByID -->
        <test-method signature="FindPetByID(int)[pri:0, instance:ApiMethods.FindAPetById@7ee955a8]" started-at="2021-05-16T01:46:43 CEST" name="FindPetByID" data-provider="data-provider" finished-at="2021-05-16T01:46:44 CEST" duration-ms="618" status="PASS">
          <params>
            <param index="0">
              <value>
                <![CDATA[103]]>
              </value>
            </param>
          </params>
          <reporter-output>
          </reporter-output>
        </test-method> <!-- FindPetByID -->
      </class> <!-- ApiMethods.FindAPetById -->
      <class name="ApiMethods.AddPet">
        <test-method signature="AddPetDataStore(int,java.lang.String,java.lang.String)[pri:0, instance:ApiMethods.AddPet@43301423]" started-at="2021-05-16T01:46:37 CEST" name="AddPetDataStore" data-provider="data-provider" finished-at="2021-05-16T01:46:39 CEST" duration-ms="2618" status="PASS">
          <params>
            <param index="0">
              <value>
                <![CDATA[100]]>
              </value>
            </param>
            <param index="1">
              <value>
                <![CDATA[Hund]]>
              </value>
            </param>
            <param index="2">
              <value>
                <![CDATA[available]]>
              </value>
            </param>
          </params>
          <reporter-output>
          </reporter-output>
        </test-method> <!-- AddPetDataStore -->
        <test-method signature="AddPetDataStore(int,java.lang.String,java.lang.String)[pri:0, instance:ApiMethods.AddPet@43301423]" started-at="2021-05-16T01:46:39 CEST" name="AddPetDataStore" data-provider="data-provider" finished-at="2021-05-16T01:46:40 CEST" duration-ms="676" status="PASS">
          <params>
            <param index="0">
              <value>
                <![CDATA[101]]>
              </value>
            </param>
            <param index="1">
              <value>
                <![CDATA[Katze]]>
              </value>
            </param>
            <param index="2">
              <value>
                <![CDATA[available]]>
              </value>
            </param>
          </params>
          <reporter-output>
          </reporter-output>
        </test-method> <!-- AddPetDataStore -->
        <test-method signature="AddPetDataStore(int,java.lang.String,java.lang.String)[pri:0, instance:ApiMethods.AddPet@43301423]" started-at="2021-05-16T01:46:40 CEST" name="AddPetDataStore" data-provider="data-provider" finished-at="2021-05-16T01:46:41 CEST" duration-ms="684" status="PASS">
          <params>
            <param index="0">
              <value>
                <![CDATA[102]]>
              </value>
            </param>
            <param index="1">
              <value>
                <![CDATA[Parrot]]>
              </value>
            </param>
            <param index="2">
              <value>
                <![CDATA[available]]>
              </value>
            </param>
          </params>
          <reporter-output>
          </reporter-output>
        </test-method> <!-- AddPetDataStore -->
        <test-method signature="AddPetDataStore(int,java.lang.String,java.lang.String)[pri:0, instance:ApiMethods.AddPet@43301423]" started-at="2021-05-16T01:46:41 CEST" name="AddPetDataStore" data-provider="data-provider" finished-at="2021-05-16T01:46:42 CEST" duration-ms="722" status="PASS">
          <params>
            <param index="0">
              <value>
                <![CDATA[103]]>
              </value>
            </param>
            <param index="1">
              <value>
                <![CDATA[Sparrow]]>
              </value>
            </param>
            <param index="2">
              <value>
                <![CDATA[available]]>
              </value>
            </param>
          </params>
          <reporter-output>
          </reporter-output>
        </test-method> <!-- AddPetDataStore -->
      </class> <!-- ApiMethods.AddPet -->
    </test> <!-- AddPets -->
    <test started-at="2021-05-16T01:46:44 CEST" name="UpdateAnExistingPet" finished-at="2021-05-16T01:46:49 CEST" duration-ms="4978">
      <class name="ApiMethods.UpdateAnExistingPet">
        <test-method signature="UpdateExistingPet(int,java.lang.String,java.lang.String)[pri:0, instance:ApiMethods.UpdateAnExistingPet@418e7838]" started-at="2021-05-16T01:46:47 CEST" name="UpdateExistingPet" data-provider="data-provider" finished-at="2021-05-16T01:46:47 CEST" duration-ms="619" status="PASS">
          <params>
            <param index="0">
              <value>
                <![CDATA[100]]>
              </value>
            </param>
            <param index="1">
              <value>
                <![CDATA[Hund]]>
              </value>
            </param>
            <param index="2">
              <value>
                <![CDATA[pending]]>
              </value>
            </param>
          </params>
          <reporter-output>
          </reporter-output>
        </test-method> <!-- UpdateExistingPet -->
        <test-method signature="UpdateExistingPet(int,java.lang.String,java.lang.String)[pri:0, instance:ApiMethods.UpdateAnExistingPet@418e7838]" started-at="2021-05-16T01:46:47 CEST" name="UpdateExistingPet" data-provider="data-provider" finished-at="2021-05-16T01:46:48 CEST" duration-ms="623" status="PASS">
          <params>
            <param index="0">
              <value>
                <![CDATA[101]]>
              </value>
            </param>
            <param index="1">
              <value>
                <![CDATA[Katze-new]]>
              </value>
            </param>
            <param index="2">
              <value>
                <![CDATA[available]]>
              </value>
            </param>
          </params>
          <reporter-output>
          </reporter-output>
        </test-method> <!-- UpdateExistingPet -->
        <test-method signature="UpdateExistingPet(int,java.lang.String,java.lang.String)[pri:0, instance:ApiMethods.UpdateAnExistingPet@418e7838]" started-at="2021-05-16T01:46:48 CEST" name="UpdateExistingPet" data-provider="data-provider" finished-at="2021-05-16T01:46:48 CEST" duration-ms="585" status="PASS">
          <params>
            <param index="0">
              <value>
                <![CDATA[102]]>
              </value>
            </param>
            <param index="1">
              <value>
                <![CDATA[Parrot]]>
              </value>
            </param>
            <param index="2">
              <value>
                <![CDATA[sold]]>
              </value>
            </param>
          </params>
          <reporter-output>
          </reporter-output>
        </test-method> <!-- UpdateExistingPet -->
        <test-method signature="UpdateExistingPet(int,java.lang.String,java.lang.String)[pri:0, instance:ApiMethods.UpdateAnExistingPet@418e7838]" started-at="2021-05-16T01:46:48 CEST" name="UpdateExistingPet" data-provider="data-provider" finished-at="2021-05-16T01:46:49 CEST" duration-ms="639" status="PASS">
          <params>
            <param index="0">
              <value>
                <![CDATA[103]]>
              </value>
            </param>
            <param index="1">
              <value>
                <![CDATA[Sparrow]]>
              </value>
            </param>
            <param index="2">
              <value>
                <![CDATA[available]]>
              </value>
            </param>
          </params>
          <reporter-output>
          </reporter-output>
        </test-method> <!-- UpdateExistingPet -->
      </class> <!-- ApiMethods.UpdateAnExistingPet -->
      <class name="ApiMethods.FindAPetById">
        <test-method signature="FindPetByID(int)[pri:0, instance:ApiMethods.FindAPetById@3c419631]" started-at="2021-05-16T01:46:44 CEST" name="FindPetByID" data-provider="data-provider" finished-at="2021-05-16T01:46:45 CEST" duration-ms="665" status="PASS">
          <params>
            <param index="0">
              <value>
                <![CDATA[100]]>
              </value>
            </param>
          </params>
          <reporter-output>
          </reporter-output>
        </test-method> <!-- FindPetByID -->
        <test-method signature="FindPetByID(int)[pri:0, instance:ApiMethods.FindAPetById@3c419631]" started-at="2021-05-16T01:46:45 CEST" name="FindPetByID" data-provider="data-provider" finished-at="2021-05-16T01:46:45 CEST" duration-ms="617" status="PASS">
          <params>
            <param index="0">
              <value>
                <![CDATA[101]]>
              </value>
            </param>
          </params>
          <reporter-output>
          </reporter-output>
        </test-method> <!-- FindPetByID -->
        <test-method signature="FindPetByID(int)[pri:0, instance:ApiMethods.FindAPetById@3c419631]" started-at="2021-05-16T01:46:45 CEST" name="FindPetByID" data-provider="data-provider" finished-at="2021-05-16T01:46:46 CEST" duration-ms="613" status="PASS">
          <params>
            <param index="0">
              <value>
                <![CDATA[102]]>
              </value>
            </param>
          </params>
          <reporter-output>
          </reporter-output>
        </test-method> <!-- FindPetByID -->
        <test-method signature="FindPetByID(int)[pri:0, instance:ApiMethods.FindAPetById@3c419631]" started-at="2021-05-16T01:46:46 CEST" name="FindPetByID" data-provider="data-provider" finished-at="2021-05-16T01:46:47 CEST" duration-ms="617" status="PASS">
          <params>
            <param index="0">
              <value>
                <![CDATA[103]]>
              </value>
            </param>
          </params>
          <reporter-output>
          </reporter-output>
        </test-method> <!-- FindPetByID -->
      </class> <!-- ApiMethods.FindAPetById -->
    </test> <!-- UpdateAnExistingPet -->
    <test started-at="2021-05-16T01:46:49 CEST" name="UPdatingPetdetailsinStore" finished-at="2021-05-16T01:46:54 CEST" duration-ms="5020">
      <class name="ApiMethods.FindAPetById">
        <test-method signature="FindPetByID(int)[pri:0, instance:ApiMethods.FindAPetById@470f1802]" started-at="2021-05-16T01:46:49 CEST" name="FindPetByID" data-provider="data-provider" finished-at="2021-05-16T01:46:50 CEST" duration-ms="600" status="PASS">
          <params>
            <param index="0">
              <value>
                <![CDATA[100]]>
              </value>
            </param>
          </params>
          <reporter-output>
          </reporter-output>
        </test-method> <!-- FindPetByID -->
        <test-method signature="FindPetByID(int)[pri:0, instance:ApiMethods.FindAPetById@470f1802]" started-at="2021-05-16T01:46:50 CEST" name="FindPetByID" data-provider="data-provider" finished-at="2021-05-16T01:46:50 CEST" duration-ms="602" status="PASS">
          <params>
            <param index="0">
              <value>
                <![CDATA[101]]>
              </value>
            </param>
          </params>
          <reporter-output>
          </reporter-output>
        </test-method> <!-- FindPetByID -->
        <test-method signature="FindPetByID(int)[pri:0, instance:ApiMethods.FindAPetById@470f1802]" started-at="2021-05-16T01:46:50 CEST" name="FindPetByID" data-provider="data-provider" finished-at="2021-05-16T01:46:51 CEST" duration-ms="627" status="PASS">
          <params>
            <param index="0">
              <value>
                <![CDATA[102]]>
              </value>
            </param>
          </params>
          <reporter-output>
          </reporter-output>
        </test-method> <!-- FindPetByID -->
        <test-method signature="FindPetByID(int)[pri:0, instance:ApiMethods.FindAPetById@470f1802]" started-at="2021-05-16T01:46:51 CEST" name="FindPetByID" data-provider="data-provider" finished-at="2021-05-16T01:46:52 CEST" duration-ms="611" status="PASS">
          <params>
            <param index="0">
              <value>
                <![CDATA[103]]>
              </value>
            </param>
          </params>
          <reporter-output>
          </reporter-output>
        </test-method> <!-- FindPetByID -->
      </class> <!-- ApiMethods.FindAPetById -->
      <class name="ApiMethods.UpdatePetInStoreWithFormData">
        <test-method signature="UpdatePetInStore(int,java.lang.String,java.lang.String)[pri:0, instance:ApiMethods.UpdatePetInStoreWithFormData@63021689]" started-at="2021-05-16T01:46:52 CEST" name="UpdatePetInStore" data-provider="data-provider" finished-at="2021-05-16T01:46:52 CEST" duration-ms="637" status="PASS">
          <params>
            <param index="0">
              <value>
                <![CDATA[100]]>
              </value>
            </param>
            <param index="1">
              <value>
                <![CDATA[Hund]]>
              </value>
            </param>
            <param index="2">
              <value>
                <![CDATA[sold]]>
              </value>
            </param>
          </params>
          <reporter-output>
          </reporter-output>
        </test-method> <!-- UpdatePetInStore -->
        <test-method signature="UpdatePetInStore(int,java.lang.String,java.lang.String)[pri:0, instance:ApiMethods.UpdatePetInStoreWithFormData@63021689]" started-at="2021-05-16T01:46:52 CEST" name="UpdatePetInStore" data-provider="data-provider" finished-at="2021-05-16T01:46:53 CEST" duration-ms="705" status="PASS">
          <params>
            <param index="0">
              <value>
                <![CDATA[101]]>
              </value>
            </param>
            <param index="1">
              <value>
                <![CDATA[Katze-new]]>
              </value>
            </param>
            <param index="2">
              <value>
                <![CDATA[pending]]>
              </value>
            </param>
          </params>
          <reporter-output>
          </reporter-output>
        </test-method> <!-- UpdatePetInStore -->
        <test-method signature="UpdatePetInStore(int,java.lang.String,java.lang.String)[pri:0, instance:ApiMethods.UpdatePetInStoreWithFormData@63021689]" started-at="2021-05-16T01:46:53 CEST" name="UpdatePetInStore" data-provider="data-provider" finished-at="2021-05-16T01:46:53 CEST" duration-ms="612" status="PASS">
          <params>
            <param index="0">
              <value>
                <![CDATA[102]]>
              </value>
            </param>
            <param index="1">
              <value>
                <![CDATA[Parrot-new]]>
              </value>
            </param>
            <param index="2">
              <value>
                <![CDATA[available]]>
              </value>
            </param>
          </params>
          <reporter-output>
          </reporter-output>
        </test-method> <!-- UpdatePetInStore -->
        <test-method signature="UpdatePetInStore(int,java.lang.String,java.lang.String)[pri:0, instance:ApiMethods.UpdatePetInStoreWithFormData@63021689]" started-at="2021-05-16T01:46:53 CEST" name="UpdatePetInStore" data-provider="data-provider" finished-at="2021-05-16T01:46:54 CEST" duration-ms="626" status="PASS">
          <params>
            <param index="0">
              <value>
                <![CDATA[103]]>
              </value>
            </param>
            <param index="1">
              <value>
                <![CDATA[Sparrow-new]]>
              </value>
            </param>
            <param index="2">
              <value>
                <![CDATA[available]]>
              </value>
            </param>
          </params>
          <reporter-output>
          </reporter-output>
        </test-method> <!-- UpdatePetInStore -->
      </class> <!-- ApiMethods.UpdatePetInStoreWithFormData -->
    </test> <!-- UPdatingPetdetailsinStore -->
    <test started-at="2021-05-16T01:46:54 CEST" name="FindPetByStatus" finished-at="2021-05-16T01:46:57 CEST" duration-ms="2734">
      <class name="ApiMethods.FindPetsByStatus">
        <test-method signature="FindPetWithStatus(java.lang.String)[pri:0, instance:ApiMethods.FindPetsByStatus@70e8f8e]" started-at="2021-05-16T01:46:54 CEST" name="FindPetWithStatus" data-provider="data-provider" finished-at="2021-05-16T01:46:55 CEST" duration-ms="583" status="PASS">
          <params>
            <param index="0">
              <value>
                <![CDATA[status=pending]]>
              </value>
            </param>
          </params>
          <reporter-output>
          </reporter-output>
        </test-method> <!-- FindPetWithStatus -->
        <test-method signature="FindPetWithStatus(java.lang.String)[pri:0, instance:ApiMethods.FindPetsByStatus@70e8f8e]" started-at="2021-05-16T01:46:55 CEST" name="FindPetWithStatus" data-provider="data-provider" finished-at="2021-05-16T01:46:55 CEST" duration-ms="608" status="PASS">
          <params>
            <param index="0">
              <value>
                <![CDATA[status=sold]]>
              </value>
            </param>
          </params>
          <reporter-output>
          </reporter-output>
        </test-method> <!-- FindPetWithStatus -->
        <test-method signature="FindPetWithStatus(java.lang.String)[pri:0, instance:ApiMethods.FindPetsByStatus@70e8f8e]" started-at="2021-05-16T01:46:55 CEST" name="FindPetWithStatus" data-provider="data-provider" finished-at="2021-05-16T01:46:56 CEST" duration-ms="925" status="PASS">
          <params>
            <param index="0">
              <value>
                <![CDATA[status=available]]>
              </value>
            </param>
          </params>
          <reporter-output>
          </reporter-output>
        </test-method> <!-- FindPetWithStatus -->
        <test-method signature="FindPetWithStatus(java.lang.String)[pri:0, instance:ApiMethods.FindPetsByStatus@70e8f8e]" started-at="2021-05-16T01:46:56 CEST" name="FindPetWithStatus" data-provider="data-provider" finished-at="2021-05-16T01:46:57 CEST" duration-ms="609" status="PASS">
          <params>
            <param index="0">
              <value>
                <![CDATA[status=sold,pending]]>
              </value>
            </param>
          </params>
          <reporter-output>
          </reporter-output>
        </test-method> <!-- FindPetWithStatus -->
      </class> <!-- ApiMethods.FindPetsByStatus -->
    </test> <!-- FindPetByStatus -->
    <test started-at="2021-05-16T01:46:57 CEST" name="DeletePet" finished-at="2021-05-16T01:47:02 CEST" duration-ms="4915">
      <class name="ApiMethods.FindAPetById">
        <test-method signature="FindPetByID(int)[pri:0, instance:ApiMethods.FindAPetById@7e0b85f9]" started-at="2021-05-16T01:46:57 CEST" name="FindPetByID" data-provider="data-provider" finished-at="2021-05-16T01:46:57 CEST" duration-ms="560" status="PASS">
          <params>
            <param index="0">
              <value>
                <![CDATA[100]]>
              </value>
            </param>
          </params>
          <reporter-output>
          </reporter-output>
        </test-method> <!-- FindPetByID -->
        <test-method signature="FindPetByID(int)[pri:0, instance:ApiMethods.FindAPetById@7e0b85f9]" started-at="2021-05-16T01:46:57 CEST" name="FindPetByID" data-provider="data-provider" finished-at="2021-05-16T01:46:58 CEST" duration-ms="580" status="PASS">
          <params>
            <param index="0">
              <value>
                <![CDATA[101]]>
              </value>
            </param>
          </params>
          <reporter-output>
          </reporter-output>
        </test-method> <!-- FindPetByID -->
        <test-method signature="FindPetByID(int)[pri:0, instance:ApiMethods.FindAPetById@7e0b85f9]" started-at="2021-05-16T01:46:58 CEST" name="FindPetByID" data-provider="data-provider" finished-at="2021-05-16T01:46:59 CEST" duration-ms="601" status="PASS">
          <params>
            <param index="0">
              <value>
                <![CDATA[102]]>
              </value>
            </param>
          </params>
          <reporter-output>
          </reporter-output>
        </test-method> <!-- FindPetByID -->
        <test-method signature="FindPetByID(int)[pri:0, instance:ApiMethods.FindAPetById@7e0b85f9]" started-at="2021-05-16T01:46:59 CEST" name="FindPetByID" data-provider="data-provider" finished-at="2021-05-16T01:46:59 CEST" duration-ms="621" status="PASS">
          <params>
            <param index="0">
              <value>
                <![CDATA[103]]>
              </value>
            </param>
          </params>
          <reporter-output>
          </reporter-output>
        </test-method> <!-- FindPetByID -->
      </class> <!-- ApiMethods.FindAPetById -->
      <class name="ApiMethods.DeleteaPet">
        <test-method signature="DeletePet(int)[pri:0, instance:ApiMethods.DeleteaPet@63355449]" started-at="2021-05-16T01:46:59 CEST" name="DeletePet" data-provider="data-provider" finished-at="2021-05-16T01:47:00 CEST" duration-ms="605" status="PASS">
          <params>
            <param index="0">
              <value>
                <![CDATA[100]]>
              </value>
            </param>
          </params>
          <reporter-output>
          </reporter-output>
        </test-method> <!-- DeletePet -->
        <test-method signature="DeletePet(int)[pri:0, instance:ApiMethods.DeleteaPet@63355449]" started-at="2021-05-16T01:47:00 CEST" name="DeletePet" data-provider="data-provider" finished-at="2021-05-16T01:47:01 CEST" duration-ms="729" status="PASS">
          <params>
            <param index="0">
              <value>
                <![CDATA[101]]>
              </value>
            </param>
          </params>
          <reporter-output>
          </reporter-output>
        </test-method> <!-- DeletePet -->
        <test-method signature="DeletePet(int)[pri:0, instance:ApiMethods.DeleteaPet@63355449]" started-at="2021-05-16T01:47:01 CEST" name="DeletePet" data-provider="data-provider" finished-at="2021-05-16T01:47:01 CEST" duration-ms="609" status="PASS">
          <params>
            <param index="0">
              <value>
                <![CDATA[102]]>
              </value>
            </param>
          </params>
          <reporter-output>
          </reporter-output>
        </test-method> <!-- DeletePet -->
        <test-method signature="DeletePet(int)[pri:0, instance:ApiMethods.DeleteaPet@63355449]" started-at="2021-05-16T01:47:01 CEST" name="DeletePet" data-provider="data-provider" finished-at="2021-05-16T01:47:02 CEST" duration-ms="610" status="PASS">
          <params>
            <param index="0">
              <value>
                <![CDATA[103]]>
              </value>
            </param>
          </params>
          <reporter-output>
          </reporter-output>
        </test-method> <!-- DeletePet -->
      </class> <!-- ApiMethods.DeleteaPet -->
    </test> <!-- DeletePet -->
  </suite> <!-- SwaggerPetAllTests -->
</testng-results>
