<?xml version="1.0" encoding="UTF-8"?>
<testng-results ignored="0" total="36" passed="36" failed="0" skipped="0">
  <reporter-output>
  </reporter-output>
  <suite started-at="2021-05-16T00:22:02 CEST" name="SwaggerPetAllTests" finished-at="2021-05-16T00:22:27 CEST" duration-ms="24874">
    <groups>
    </groups>
    <test started-at="2021-05-16T00:22:02 CEST" name="AddPets" finished-at="2021-05-16T00:22:09 CEST" duration-ms="7268">
      <class name="ApiMethods.FindAPetById">
        <test-method signature="FindPetByID(int)[pri:0, instance:ApiMethods.FindAPetById@1de76cc7]" started-at="2021-05-16T00:22:07 CEST" name="FindPetByID" data-provider="data-provider" finished-at="2021-05-16T00:22:07 CEST" duration-ms="590" status="PASS">
          <params>
            <param index="0">
              <value>
                <![CDATA[100]]>
              </value>
            </param>
          </params>
          <reporter-output>
          </reporter-output>
        </test-method> <!-- FindPetByID -->
        <test-method signature="FindPetByID(int)[pri:0, instance:ApiMethods.FindAPetById@1de76cc7]" started-at="2021-05-16T00:22:07 CEST" name="FindPetByID" data-provider="data-provider" finished-at="2021-05-16T00:22:08 CEST" duration-ms="609" status="PASS">
          <params>
            <param index="0">
              <value>
                <![CDATA[101]]>
              </value>
            </param>
          </params>
          <reporter-output>
          </reporter-output>
        </test-method> <!-- FindPetByID -->
        <test-method signature="FindPetByID(int)[pri:0, instance:ApiMethods.FindAPetById@1de76cc7]" started-at="2021-05-16T00:22:08 CEST" name="FindPetByID" data-provider="data-provider" finished-at="2021-05-16T00:22:09 CEST" duration-ms="618" status="PASS">
          <params>
            <param index="0">
              <value>
                <![CDATA[102]]>
              </value>
            </param>
          </params>
          <reporter-output>
          </reporter-output>
        </test-method> <!-- FindPetByID -->
        <test-method signature="FindPetByID(int)[pri:0, instance:ApiMethods.FindAPetById@1de76cc7]" started-at="2021-05-16T00:22:09 CEST" name="FindPetByID" data-provider="data-provider" finished-at="2021-05-16T00:22:09 CEST" duration-ms="592" status="PASS">
          <params>
            <param index="0">
              <value>
                <![CDATA[103]]>
              </value>
            </param>
          </params>
          <reporter-output>
          </reporter-output>
        </test-method> <!-- FindPetByID -->
      </class> <!-- ApiMethods.FindAPetById -->
      <class name="ApiMethods.AddPet">
        <test-method signature="AddPetDataStore(int,java.lang.String,java.lang.String)[pri:0, instance:ApiMethods.AddPet@6cd28fa7]" started-at="2021-05-16T00:22:02 CEST" name="AddPetDataStore" data-provider="data-provider" finished-at="2021-05-16T00:22:05 CEST" duration-ms="2694" status="PASS">
          <params>
            <param index="0">
              <value>
                <![CDATA[100]]>
              </value>
            </param>
            <param index="1">
              <value>
                <![CDATA[Hund]]>
              </value>
            </param>
            <param index="2">
              <value>
                <![CDATA[available]]>
              </value>
            </param>
          </params>
          <reporter-output>
          </reporter-output>
        </test-method> <!-- AddPetDataStore -->
        <test-method signature="AddPetDataStore(int,java.lang.String,java.lang.String)[pri:0, instance:ApiMethods.AddPet@6cd28fa7]" started-at="2021-05-16T00:22:05 CEST" name="AddPetDataStore" data-provider="data-provider" finished-at="2021-05-16T00:22:05 CEST" duration-ms="669" status="PASS">
          <params>
            <param index="0">
              <value>
                <![CDATA[101]]>
              </value>
            </param>
            <param index="1">
              <value>
                <![CDATA[Katze]]>
              </value>
            </param>
            <param index="2">
              <value>
                <![CDATA[available]]>
              </value>
            </param>
          </params>
          <reporter-output>
          </reporter-output>
        </test-method> <!-- AddPetDataStore -->
        <test-method signature="AddPetDataStore(int,java.lang.String,java.lang.String)[pri:0, instance:ApiMethods.AddPet@6cd28fa7]" started-at="2021-05-16T00:22:05 CEST" name="AddPetDataStore" data-provider="data-provider" finished-at="2021-05-16T00:22:06 CEST" duration-ms="710" status="PASS">
          <params>
            <param index="0">
              <value>
                <![CDATA[102]]>
              </value>
            </param>
            <param index="1">
              <value>
                <![CDATA[Parrot]]>
              </value>
            </param>
            <param index="2">
              <value>
                <![CDATA[available]]>
              </value>
            </param>
          </params>
          <reporter-output>
          </reporter-output>
        </test-method> <!-- AddPetDataStore -->
        <test-method signature="AddPetDataStore(int,java.lang.String,java.lang.String)[pri:0, instance:ApiMethods.AddPet@6cd28fa7]" started-at="2021-05-16T00:22:06 CEST" name="AddPetDataStore" data-provider="data-provider" finished-at="2021-05-16T00:22:07 CEST" duration-ms="713" status="PASS">
          <params>
            <param index="0">
              <value>
                <![CDATA[103]]>
              </value>
            </param>
            <param index="1">
              <value>
                <![CDATA[Sparrow]]>
              </value>
            </param>
            <param index="2">
              <value>
                <![CDATA[available]]>
              </value>
            </param>
          </params>
          <reporter-output>
          </reporter-output>
        </test-method> <!-- AddPetDataStore -->
      </class> <!-- ApiMethods.AddPet -->
    </test> <!-- AddPets -->
    <test started-at="2021-05-16T00:22:09 CEST" name="UpdateAnExistingPet" finished-at="2021-05-16T00:22:14 CEST" duration-ms="4991">
      <class name="ApiMethods.FindAPetById">
        <test-method signature="FindPetByID(int)[pri:0, instance:ApiMethods.FindAPetById@130c12b7]" started-at="2021-05-16T00:22:09 CEST" name="FindPetByID" data-provider="data-provider" finished-at="2021-05-16T00:22:10 CEST" duration-ms="681" status="PASS">
          <params>
            <param index="0">
              <value>
                <![CDATA[100]]>
              </value>
            </param>
          </params>
          <reporter-output>
          </reporter-output>
        </test-method> <!-- FindPetByID -->
        <test-method signature="FindPetByID(int)[pri:0, instance:ApiMethods.FindAPetById@130c12b7]" started-at="2021-05-16T00:22:10 CEST" name="FindPetByID" data-provider="data-provider" finished-at="2021-05-16T00:22:10 CEST" duration-ms="589" status="PASS">
          <params>
            <param index="0">
              <value>
                <![CDATA[101]]>
              </value>
            </param>
          </params>
          <reporter-output>
          </reporter-output>
        </test-method> <!-- FindPetByID -->
        <test-method signature="FindPetByID(int)[pri:0, instance:ApiMethods.FindAPetById@130c12b7]" started-at="2021-05-16T00:22:10 CEST" name="FindPetByID" data-provider="data-provider" finished-at="2021-05-16T00:22:11 CEST" duration-ms="584" status="PASS">
          <params>
            <param index="0">
              <value>
                <![CDATA[102]]>
              </value>
            </param>
          </params>
          <reporter-output>
          </reporter-output>
        </test-method> <!-- FindPetByID -->
        <test-method signature="FindPetByID(int)[pri:0, instance:ApiMethods.FindAPetById@130c12b7]" started-at="2021-05-16T00:22:11 CEST" name="FindPetByID" data-provider="data-provider" finished-at="2021-05-16T00:22:12 CEST" duration-ms="665" status="PASS">
          <params>
            <param index="0">
              <value>
                <![CDATA[103]]>
              </value>
            </param>
          </params>
          <reporter-output>
          </reporter-output>
        </test-method> <!-- FindPetByID -->
      </class> <!-- ApiMethods.FindAPetById -->
      <class name="ApiMethods.UpdateAnExistingPet">
        <test-method signature="UpdateExistingPet(int,java.lang.String,java.lang.String)[pri:0, instance:ApiMethods.UpdateAnExistingPet@5e600dd5]" started-at="2021-05-16T00:22:12 CEST" name="UpdateExistingPet" data-provider="data-provider" finished-at="2021-05-16T00:22:12 CEST" duration-ms="614" status="PASS">
          <params>
            <param index="0">
              <value>
                <![CDATA[100]]>
              </value>
            </param>
            <param index="1">
              <value>
                <![CDATA[Hund]]>
              </value>
            </param>
            <param index="2">
              <value>
                <![CDATA[pending]]>
              </value>
            </param>
          </params>
          <reporter-output>
          </reporter-output>
        </test-method> <!-- UpdateExistingPet -->
        <test-method signature="UpdateExistingPet(int,java.lang.String,java.lang.String)[pri:0, instance:ApiMethods.UpdateAnExistingPet@5e600dd5]" started-at="2021-05-16T00:22:12 CEST" name="UpdateExistingPet" data-provider="data-provider" finished-at="2021-05-16T00:22:13 CEST" duration-ms="622" status="PASS">
          <params>
            <param index="0">
              <value>
                <![CDATA[101]]>
              </value>
            </param>
            <param index="1">
              <value>
                <![CDATA[Katze-new]]>
              </value>
            </param>
            <param index="2">
              <value>
                <![CDATA[available]]>
              </value>
            </param>
          </params>
          <reporter-output>
          </reporter-output>
        </test-method> <!-- UpdateExistingPet -->
        <test-method signature="UpdateExistingPet(int,java.lang.String,java.lang.String)[pri:0, instance:ApiMethods.UpdateAnExistingPet@5e600dd5]" started-at="2021-05-16T00:22:13 CEST" name="UpdateExistingPet" data-provider="data-provider" finished-at="2021-05-16T00:22:14 CEST" duration-ms="603" status="PASS">
          <params>
            <param index="0">
              <value>
                <![CDATA[102]]>
              </value>
            </param>
            <param index="1">
              <value>
                <![CDATA[Parrot]]>
              </value>
            </param>
            <param index="2">
              <value>
                <![CDATA[sold]]>
              </value>
            </param>
          </params>
          <reporter-output>
          </reporter-output>
        </test-method> <!-- UpdateExistingPet -->
        <test-method signature="UpdateExistingPet(int,java.lang.String,java.lang.String)[pri:0, instance:ApiMethods.UpdateAnExistingPet@5e600dd5]" started-at="2021-05-16T00:22:14 CEST" name="UpdateExistingPet" data-provider="data-provider" finished-at="2021-05-16T00:22:14 CEST" duration-ms="618" status="PASS">
          <params>
            <param index="0">
              <value>
                <![CDATA[103]]>
              </value>
            </param>
            <param index="1">
              <value>
                <![CDATA[Sparrow]]>
              </value>
            </param>
            <param index="2">
              <value>
                <![CDATA[available]]>
              </value>
            </param>
          </params>
          <reporter-output>
          </reporter-output>
        </test-method> <!-- UpdateExistingPet -->
      </class> <!-- ApiMethods.UpdateAnExistingPet -->
    </test> <!-- UpdateAnExistingPet -->
    <test started-at="2021-05-16T00:22:14 CEST" name="UPdatingPetdetailsinStore" finished-at="2021-05-16T00:22:19 CEST" duration-ms="5006">
      <class name="ApiMethods.FindAPetById">
        <test-method signature="FindPetByID(int)[pri:0, instance:ApiMethods.FindAPetById@a38c7fe]" started-at="2021-05-16T00:22:14 CEST" name="FindPetByID" data-provider="data-provider" finished-at="2021-05-16T00:22:15 CEST" duration-ms="588" status="PASS">
          <params>
            <param index="0">
              <value>
                <![CDATA[100]]>
              </value>
            </param>
          </params>
          <reporter-output>
          </reporter-output>
        </test-method> <!-- FindPetByID -->
        <test-method signature="FindPetByID(int)[pri:0, instance:ApiMethods.FindAPetById@a38c7fe]" started-at="2021-05-16T00:22:15 CEST" name="FindPetByID" data-provider="data-provider" finished-at="2021-05-16T00:22:15 CEST" duration-ms="613" status="PASS">
          <params>
            <param index="0">
              <value>
                <![CDATA[101]]>
              </value>
            </param>
          </params>
          <reporter-output>
          </reporter-output>
        </test-method> <!-- FindPetByID -->
        <test-method signature="FindPetByID(int)[pri:0, instance:ApiMethods.FindAPetById@a38c7fe]" started-at="2021-05-16T00:22:15 CEST" name="FindPetByID" data-provider="data-provider" finished-at="2021-05-16T00:22:16 CEST" duration-ms="612" status="PASS">
          <params>
            <param index="0">
              <value>
                <![CDATA[102]]>
              </value>
            </param>
          </params>
          <reporter-output>
          </reporter-output>
        </test-method> <!-- FindPetByID -->
        <test-method signature="FindPetByID(int)[pri:0, instance:ApiMethods.FindAPetById@a38c7fe]" started-at="2021-05-16T00:22:16 CEST" name="FindPetByID" data-provider="data-provider" finished-at="2021-05-16T00:22:17 CEST" duration-ms="660" status="PASS">
          <params>
            <param index="0">
              <value>
                <![CDATA[103]]>
              </value>
            </param>
          </params>
          <reporter-output>
          </reporter-output>
        </test-method> <!-- FindPetByID -->
      </class> <!-- ApiMethods.FindAPetById -->
      <class name="ApiMethods.UpdatePetInStoreWithFormData">
        <test-method signature="UpdatePetInStore(int,java.lang.String,java.lang.String)[pri:0, instance:ApiMethods.UpdatePetInStoreWithFormData@6fdbe764]" started-at="2021-05-16T00:22:17 CEST" name="UpdatePetInStore" data-provider="data-provider" finished-at="2021-05-16T00:22:17 CEST" duration-ms="690" status="PASS">
          <params>
            <param index="0">
              <value>
                <![CDATA[100]]>
              </value>
            </param>
            <param index="1">
              <value>
                <![CDATA[Hund]]>
              </value>
            </param>
            <param index="2">
              <value>
                <![CDATA[sold]]>
              </value>
            </param>
          </params>
          <reporter-output>
          </reporter-output>
        </test-method> <!-- UpdatePetInStore -->
        <test-method signature="UpdatePetInStore(int,java.lang.String,java.lang.String)[pri:0, instance:ApiMethods.UpdatePetInStoreWithFormData@6fdbe764]" started-at="2021-05-16T00:22:17 CEST" name="UpdatePetInStore" data-provider="data-provider" finished-at="2021-05-16T00:22:18 CEST" duration-ms="610" status="PASS">
          <params>
            <param index="0">
              <value>
                <![CDATA[101]]>
              </value>
            </param>
            <param index="1">
              <value>
                <![CDATA[Katze-new]]>
              </value>
            </param>
            <param index="2">
              <value>
                <![CDATA[pending]]>
              </value>
            </param>
          </params>
          <reporter-output>
          </reporter-output>
        </test-method> <!-- UpdatePetInStore -->
        <test-method signature="UpdatePetInStore(int,java.lang.String,java.lang.String)[pri:0, instance:ApiMethods.UpdatePetInStoreWithFormData@6fdbe764]" started-at="2021-05-16T00:22:18 CEST" name="UpdatePetInStore" data-provider="data-provider" finished-at="2021-05-16T00:22:19 CEST" duration-ms="579" status="PASS">
          <params>
            <param index="0">
              <value>
                <![CDATA[102]]>
              </value>
            </param>
            <param index="1">
              <value>
                <![CDATA[Parrot-new]]>
              </value>
            </param>
            <param index="2">
              <value>
                <![CDATA[available]]>
              </value>
            </param>
          </params>
          <reporter-output>
          </reporter-output>
        </test-method> <!-- UpdatePetInStore -->
        <test-method signature="UpdatePetInStore(int,java.lang.String,java.lang.String)[pri:0, instance:ApiMethods.UpdatePetInStoreWithFormData@6fdbe764]" started-at="2021-05-16T00:22:19 CEST" name="UpdatePetInStore" data-provider="data-provider" finished-at="2021-05-16T00:22:19 CEST" duration-ms="645" status="PASS">
          <params>
            <param index="0">
              <value>
                <![CDATA[103]]>
              </value>
            </param>
            <param index="1">
              <value>
                <![CDATA[Sparrow-new]]>
              </value>
            </param>
            <param index="2">
              <value>
                <![CDATA[available]]>
              </value>
            </param>
          </params>
          <reporter-output>
          </reporter-output>
        </test-method> <!-- UpdatePetInStore -->
      </class> <!-- ApiMethods.UpdatePetInStoreWithFormData -->
    </test> <!-- UPdatingPetdetailsinStore -->
    <test started-at="2021-05-16T00:22:19 CEST" name="FindPetByStatus" finished-at="2021-05-16T00:22:22 CEST" duration-ms="2653">
      <class name="ApiMethods.FindPetsByStatus">
        <test-method signature="FindPetWithStatus(java.lang.String)[pri:0, instance:ApiMethods.FindPetsByStatus@25641d39]" started-at="2021-05-16T00:22:19 CEST" name="FindPetWithStatus" data-provider="data-provider" finished-at="2021-05-16T00:22:20 CEST" duration-ms="570" status="PASS">
          <params>
            <param index="0">
              <value>
                <![CDATA[status=pending]]>
              </value>
            </param>
          </params>
          <reporter-output>
          </reporter-output>
        </test-method> <!-- FindPetWithStatus -->
        <test-method signature="FindPetWithStatus(java.lang.String)[pri:0, instance:ApiMethods.FindPetsByStatus@25641d39]" started-at="2021-05-16T00:22:20 CEST" name="FindPetWithStatus" data-provider="data-provider" finished-at="2021-05-16T00:22:20 CEST" duration-ms="567" status="PASS">
          <params>
            <param index="0">
              <value>
                <![CDATA[status=sold]]>
              </value>
            </param>
          </params>
          <reporter-output>
          </reporter-output>
        </test-method> <!-- FindPetWithStatus -->
        <test-method signature="FindPetWithStatus(java.lang.String)[pri:0, instance:ApiMethods.FindPetsByStatus@25641d39]" started-at="2021-05-16T00:22:20 CEST" name="FindPetWithStatus" data-provider="data-provider" finished-at="2021-05-16T00:22:21 CEST" duration-ms="885" status="PASS">
          <params>
            <param index="0">
              <value>
                <![CDATA[status=available]]>
              </value>
            </param>
          </params>
          <reporter-output>
          </reporter-output>
        </test-method> <!-- FindPetWithStatus -->
        <test-method signature="FindPetWithStatus(java.lang.String)[pri:0, instance:ApiMethods.FindPetsByStatus@25641d39]" started-at="2021-05-16T00:22:21 CEST" name="FindPetWithStatus" data-provider="data-provider" finished-at="2021-05-16T00:22:22 CEST" duration-ms="625" status="PASS">
          <params>
            <param index="0">
              <value>
                <![CDATA[status=sold,pending]]>
              </value>
            </param>
          </params>
          <reporter-output>
          </reporter-output>
        </test-method> <!-- FindPetWithStatus -->
      </class> <!-- ApiMethods.FindPetsByStatus -->
    </test> <!-- FindPetByStatus -->
    <test started-at="2021-05-16T00:22:22 CEST" name="DeletePet" finished-at="2021-05-16T00:22:27 CEST" duration-ms="4888">
      <class name="ApiMethods.FindAPetById">
        <test-method signature="FindPetByID(int)[pri:0, instance:ApiMethods.FindAPetById@229c6181]" started-at="2021-05-16T00:22:22 CEST" name="FindPetByID" data-provider="data-provider" finished-at="2021-05-16T00:22:23 CEST" duration-ms="680" status="PASS">
          <params>
            <param index="0">
              <value>
                <![CDATA[100]]>
              </value>
            </param>
          </params>
          <reporter-output>
          </reporter-output>
        </test-method> <!-- FindPetByID -->
        <test-method signature="FindPetByID(int)[pri:0, instance:ApiMethods.FindAPetById@229c6181]" started-at="2021-05-16T00:22:23 CEST" name="FindPetByID" data-provider="data-provider" finished-at="2021-05-16T00:22:23 CEST" duration-ms="614" status="PASS">
          <params>
            <param index="0">
              <value>
                <![CDATA[101]]>
              </value>
            </param>
          </params>
          <reporter-output>
          </reporter-output>
        </test-method> <!-- FindPetByID -->
        <test-method signature="FindPetByID(int)[pri:0, instance:ApiMethods.FindAPetById@229c6181]" started-at="2021-05-16T00:22:23 CEST" name="FindPetByID" data-provider="data-provider" finished-at="2021-05-16T00:22:24 CEST" duration-ms="608" status="PASS">
          <params>
            <param index="0">
              <value>
                <![CDATA[102]]>
              </value>
            </param>
          </params>
          <reporter-output>
          </reporter-output>
        </test-method> <!-- FindPetByID -->
        <test-method signature="FindPetByID(int)[pri:0, instance:ApiMethods.FindAPetById@229c6181]" started-at="2021-05-16T00:22:24 CEST" name="FindPetByID" data-provider="data-provider" finished-at="2021-05-16T00:22:24 CEST" duration-ms="617" status="PASS">
          <params>
            <param index="0">
              <value>
                <![CDATA[103]]>
              </value>
            </param>
          </params>
          <reporter-output>
          </reporter-output>
        </test-method> <!-- FindPetByID -->
      </class> <!-- ApiMethods.FindAPetById -->
      <class name="ApiMethods.DeleteaPet">
        <test-method signature="DeletePet(int)[pri:0, instance:ApiMethods.DeleteaPet@4686afc2]" started-at="2021-05-16T00:22:24 CEST" name="DeletePet" data-provider="data-provider" finished-at="2021-05-16T00:22:25 CEST" duration-ms="605" status="PASS">
          <params>
            <param index="0">
              <value>
                <![CDATA[100]]>
              </value>
            </param>
          </params>
          <reporter-output>
          </reporter-output>
        </test-method> <!-- DeletePet -->
        <test-method signature="DeletePet(int)[pri:0, instance:ApiMethods.DeleteaPet@4686afc2]" started-at="2021-05-16T00:22:25 CEST" name="DeletePet" data-provider="data-provider" finished-at="2021-05-16T00:22:26 CEST" duration-ms="562" status="PASS">
          <params>
            <param index="0">
              <value>
                <![CDATA[101]]>
              </value>
            </param>
          </params>
          <reporter-output>
          </reporter-output>
        </test-method> <!-- DeletePet -->
        <test-method signature="DeletePet(int)[pri:0, instance:ApiMethods.DeleteaPet@4686afc2]" started-at="2021-05-16T00:22:26 CEST" name="DeletePet" data-provider="data-provider" finished-at="2021-05-16T00:22:26 CEST" duration-ms="552" status="PASS">
          <params>
            <param index="0">
              <value>
                <![CDATA[102]]>
              </value>
            </param>
          </params>
          <reporter-output>
          </reporter-output>
        </test-method> <!-- DeletePet -->
        <test-method signature="DeletePet(int)[pri:0, instance:ApiMethods.DeleteaPet@4686afc2]" started-at="2021-05-16T00:22:26 CEST" name="DeletePet" data-provider="data-provider" finished-at="2021-05-16T00:22:27 CEST" duration-ms="624" status="PASS">
          <params>
            <param index="0">
              <value>
                <![CDATA[103]]>
              </value>
            </param>
          </params>
          <reporter-output>
          </reporter-output>
        </test-method> <!-- DeletePet -->
      </class> <!-- ApiMethods.DeleteaPet -->
    </test> <!-- DeletePet -->
  </suite> <!-- SwaggerPetAllTests -->
</testng-results>
