<?xml version="1.0" encoding="UTF-8"?>
<!-- Generated by org.testng.reporters.JUnitXMLReporter -->
<testsuite ignored="0" hostname="DESKTOP-MLU4ERH" failures="0" tests="12" name="AddPetsAndUpdate" time="9.527" errors="0" timestamp="2021-05-15T22:54:05 CEST">
  <testcase classname="Testcases.TC_AddPetDataStore" name="AddPetDataStore" time="2.573"/>
  <testcase classname="Testcases.TC_AddPetDataStore" name="AddPetDataStore" time="0.663"/>
  <testcase classname="Testcases.TC_AddPetDataStore" name="AddPetDataStore" time="0.71"/>
  <testcase classname="Testcases.TC_AddPetDataStore" name="AddPetDataStore" time="0.612"/>
  <testcase classname="Testcases.TC_FindPetById" name="FindPetByID" time="0.589"/>
  <testcase classname="Testcases.TC_FindPetById" name="FindPetByID" time="0.616"/>
  <testcase classname="Testcases.TC_FindPetById" name="FindPetByID" time="0.614"/>
  <testcase classname="Testcases.TC_FindPetById" name="FindPetByID" time="0.62"/>
  <testcase classname="Testcases.TC_UpdateExistingPet" name="UpdateExistingPet" time="0.609"/>
  <testcase classname="Testcases.TC_UpdateExistingPet" name="UpdateExistingPet" time="0.61"/>
  <testcase classname="Testcases.TC_UpdateExistingPet" name="UpdateExistingPet" time="0.63"/>
  <testcase classname="Testcases.TC_UpdateExistingPet" name="UpdateExistingPet" time="0.615"/>
</testsuite> <!-- AddPetsAndUpdate -->
