<?xml version="1.0" encoding="UTF-8"?>
<!-- Generated by org.testng.reporters.JUnitXMLReporter -->
<testsuite ignored="0" hostname="DESKTOP-MLU4ERH" failures="0" tests="12" name="AddPetsAndDelete" time="7.702" errors="0" timestamp="2021-05-15T22:54:13 CEST">
  <testcase classname="Testcases.TC_AddPetDataStore" name="AddPetDataStore" time="0.589"/>
  <testcase classname="Testcases.TC_AddPetDataStore" name="AddPetDataStore" time="0.782"/>
  <testcase classname="Testcases.TC_AddPetDataStore" name="AddPetDataStore" time="0.678"/>
  <testcase classname="Testcases.TC_AddPetDataStore" name="AddPetDataStore" time="0.66"/>
  <testcase classname="Testcases.TC_FindPetById" name="FindPetByID" time="0.597"/>
  <testcase classname="Testcases.TC_FindPetById" name="FindPetByID" time="0.611"/>
  <testcase classname="Testcases.TC_FindPetById" name="FindPetByID" time="0.613"/>
  <testcase classname="Testcases.TC_FindPetById" name="FindPetByID" time="0.609"/>
  <testcase classname="Testcases.TC_DeletePet" name="DeletPet" time="0.604"/>
  <testcase classname="Testcases.TC_DeletePet" name="DeletPet" time="0.625"/>
  <testcase classname="Testcases.TC_DeletePet" name="DeletPet" time="0.6"/>
  <testcase classname="Testcases.TC_DeletePet" name="DeletPet" time="0.718"/>
</testsuite> <!-- AddPetsAndDelete -->
