<?xml version="1.0" encoding="UTF-8"?>
<!-- Generated by org.testng.reporters.JUnitXMLReporter -->
<testsuite ignored="0" hostname="DESKTOP-MLU4ERH" failures="0" tests="8" name="AddPets" time="7.268" errors="0" timestamp="2021-05-16T00:22:09 CEST">
  <testcase classname="ApiMethods.AddPet" name="AddPetDataStore" time="2.694"/>
  <testcase classname="ApiMethods.AddPet" name="AddPetDataStore" time="0.669"/>
  <testcase classname="ApiMethods.AddPet" name="AddPetDataStore" time="0.71"/>
  <testcase classname="ApiMethods.AddPet" name="AddPetDataStore" time="0.713"/>
  <testcase classname="ApiMethods.FindAPetById" name="FindPetByID" time="0.59"/>
  <testcase classname="ApiMethods.FindAPetById" name="FindPetByID" time="0.609"/>
  <testcase classname="ApiMethods.FindAPetById" name="FindPetByID" time="0.618"/>
  <testcase classname="ApiMethods.FindAPetById" name="FindPetByID" time="0.592"/>
</testsuite> <!-- AddPets -->
