<?xml version="1.0" encoding="UTF-8"?>
<!-- Generated by org.testng.reporters.JUnitXMLReporter -->
<testsuite ignored="0" hostname="DESKTOP-MLU4ERH" failures="0" tests="24" name="AllSecnarios" time="15.149" errors="0" timestamp="2021-05-15T22:54:28 CEST">
  <testcase classname="Testcases.TC_AddPetDataStore" name="AddPetDataStore" time="0.618"/>
  <testcase classname="Testcases.TC_AddPetDataStore" name="AddPetDataStore" time="0.617"/>
  <testcase classname="Testcases.TC_AddPetDataStore" name="AddPetDataStore" time="0.618"/>
  <testcase classname="Testcases.TC_AddPetDataStore" name="AddPetDataStore" time="0.617"/>
  <testcase classname="Testcases.TC_FindPetById" name="FindPetByID" time="0.691"/>
  <testcase classname="Testcases.TC_FindPetById" name="FindPetByID" time="0.731"/>
  <testcase classname="Testcases.TC_FindPetById" name="FindPetByID" time="0.602"/>
  <testcase classname="Testcases.TC_FindPetById" name="FindPetByID" time="0.62"/>
  <testcase classname="Testcases.TC_FindPetsWithStatus" name="FindPetWithStatus" time="0.612"/>
  <testcase classname="Testcases.TC_FindPetsWithStatus" name="FindPetWithStatus" time="0.611"/>
  <testcase classname="Testcases.TC_FindPetsWithStatus" name="FindPetWithStatus" time="0.808"/>
  <testcase classname="Testcases.TC_FindPetsWithStatus" name="FindPetWithStatus" time="0.604"/>
  <testcase classname="Testcases.TC_UpdateExistingPet" name="UpdateExistingPet" time="0.626"/>
  <testcase classname="Testcases.TC_UpdateExistingPet" name="UpdateExistingPet" time="0.633"/>
  <testcase classname="Testcases.TC_UpdateExistingPet" name="UpdateExistingPet" time="0.612"/>
  <testcase classname="Testcases.TC_UpdateExistingPet" name="UpdateExistingPet" time="0.631"/>
  <testcase classname="Testcases.TC_UpdatePetInStore" name="UpdatePetInStore" time="0.695"/>
  <testcase classname="Testcases.TC_UpdatePetInStore" name="UpdatePetInStore" time="0.588"/>
  <testcase classname="Testcases.TC_UpdatePetInStore" name="UpdatePetInStore" time="0.629"/>
  <testcase classname="Testcases.TC_UpdatePetInStore" name="UpdatePetInStore" time="0.614"/>
  <testcase classname="Testcases.TC_DeletePet" name="DeletPet" time="0.579"/>
  <testcase classname="Testcases.TC_DeletePet" name="DeletPet" time="0.579"/>
  <testcase classname="Testcases.TC_DeletePet" name="DeletPet" time="0.577"/>
  <testcase classname="Testcases.TC_DeletePet" name="DeletPet" time="0.585"/>
</testsuite> <!-- AllSecnarios -->
