<?xml version="1.0" encoding="UTF-8"?>
<!-- Generated by org.testng.reporters.JUnitXMLReporter -->
<testsuite ignored="0" hostname="DESKTOP-MLU4ERH" failures="0" tests="8" name="DeletePet" time="4.888" errors="0" timestamp="2021-05-16T00:22:27 CEST">
  <testcase classname="ApiMethods.FindAPetById" name="FindPetByID" time="0.68"/>
  <testcase classname="ApiMethods.FindAPetById" name="FindPetByID" time="0.614"/>
  <testcase classname="ApiMethods.FindAPetById" name="FindPetByID" time="0.608"/>
  <testcase classname="ApiMethods.FindAPetById" name="FindPetByID" time="0.617"/>
  <testcase classname="ApiMethods.DeleteaPet" name="DeletePet" time="0.605"/>
  <testcase classname="ApiMethods.DeleteaPet" name="DeletePet" time="0.562"/>
  <testcase classname="ApiMethods.DeleteaPet" name="DeletePet" time="0.552"/>
  <testcase classname="ApiMethods.DeleteaPet" name="DeletePet" time="0.624"/>
</testsuite> <!-- DeletePet -->
