<?xml version="1.0" encoding="UTF-8"?>
<!-- Generated by org.testng.reporters.JUnitXMLReporter -->
<testsuite ignored="0" hostname="DESKTOP-MLU4ERH" failures="0" tests="4" name="FindPetByStatus" time="2.653" errors="0" timestamp="2021-05-16T00:22:22 CEST">
  <testcase classname="ApiMethods.FindPetsByStatus" name="FindPetWithStatus" time="0.57"/>
  <testcase classname="ApiMethods.FindPetsByStatus" name="FindPetWithStatus" time="0.567"/>
  <testcase classname="ApiMethods.FindPetsByStatus" name="FindPetWithStatus" time="0.885"/>
  <testcase classname="ApiMethods.FindPetsByStatus" name="FindPetWithStatus" time="0.625"/>
</testsuite> <!-- FindPetByStatus -->
