<?xml version="1.0" encoding="UTF-8"?>
<!-- Generated by org.testng.reporters.JUnitXMLReporter -->
<testsuite ignored="0" hostname="DESKTOP-MLU4ERH" failures="0" tests="8" name="UPdatingPetdetailsinStore" time="5.006" errors="0" timestamp="2021-05-16T00:22:19 CEST">
  <testcase classname="ApiMethods.FindAPetById" name="FindPetByID" time="0.588"/>
  <testcase classname="ApiMethods.FindAPetById" name="FindPetByID" time="0.613"/>
  <testcase classname="ApiMethods.FindAPetById" name="FindPetByID" time="0.612"/>
  <testcase classname="ApiMethods.FindAPetById" name="FindPetByID" time="0.66"/>
  <testcase classname="ApiMethods.UpdatePetInStoreWithFormData" name="UpdatePetInStore" time="0.69"/>
  <testcase classname="ApiMethods.UpdatePetInStoreWithFormData" name="UpdatePetInStore" time="0.61"/>
  <testcase classname="ApiMethods.UpdatePetInStoreWithFormData" name="UpdatePetInStore" time="0.579"/>
  <testcase classname="ApiMethods.UpdatePetInStoreWithFormData" name="UpdatePetInStore" time="0.645"/>
</testsuite> <!-- UPdatingPetdetailsinStore -->
