<?xml version="1.0" encoding="UTF-8"?>
<!-- Generated by org.testng.reporters.JUnitXMLReporter -->
<testsuite ignored="0" hostname="DESKTOP-MLU4ERH" failures="0" tests="8" name="UpdateAnExistingPet" time="4.991" errors="0" timestamp="2021-05-16T00:22:14 CEST">
  <testcase classname="ApiMethods.FindAPetById" name="FindPetByID" time="0.681"/>
  <testcase classname="ApiMethods.FindAPetById" name="FindPetByID" time="0.589"/>
  <testcase classname="ApiMethods.FindAPetById" name="FindPetByID" time="0.584"/>
  <testcase classname="ApiMethods.FindAPetById" name="FindPetByID" time="0.665"/>
  <testcase classname="ApiMethods.UpdateAnExistingPet" name="UpdateExistingPet" time="0.614"/>
  <testcase classname="ApiMethods.UpdateAnExistingPet" name="UpdateExistingPet" time="0.622"/>
  <testcase classname="ApiMethods.UpdateAnExistingPet" name="UpdateExistingPet" time="0.603"/>
  <testcase classname="ApiMethods.UpdateAnExistingPet" name="UpdateExistingPet" time="0.618"/>
</testsuite> <!-- UpdateAnExistingPet -->
